Build started 14.03.2014 10:22:12.
     1>Project "C:\Users\maksim\Documents\GitHub\study\Projects\CopyPaste2\CopyPaste.vcxproj" on node 2 (Build target(s)).
     1>ClCompile:
         C:\Program Files (x86)\Microsoft Visual Studio 11.0\VC\bin\CL.exe /c /ZI /nologo /W3 /WX- /Od /Oy- /D WIN32 /D _DEBUG /D _CONSOLE /D _UNICODE /D UNICODE /Gm /EHsc /RTC1 /MDd /GS /fp:precise /Zc:wchar_t /Zc:forScope /Fo"Debug\\" /Fd"Debug\vc110.pdb" /Gd /TP /analyze- /errorReport:prompt Main.cpp
         Main.cpp
     1>c:\users\maksim\documents\github\study\projects\copypaste2\main.cpp(98): warning C4996: 'fopen': This function or variable may be unsafe. Consider using fopen_s instead. To disable deprecation, use _CRT_SECURE_NO_WARNINGS. See online help for details.
                 c:\program files (x86)\microsoft visual studio 11.0\vc\include\stdio.h(218) : see declaration of 'fopen'
     1>c:\users\maksim\documents\github\study\projects\copypaste2\main.cpp(118): warning C4996: 'strncpy': This function or variable may be unsafe. Consider using strncpy_s instead. To disable deprecation, use _CRT_SECURE_NO_WARNINGS. See online help for details.
                 c:\program files (x86)\microsoft visual studio 11.0\vc\include\string.h(191) : see declaration of 'strncpy'
     1>c:\users\maksim\documents\github\study\projects\copypaste2\main.cpp(155): error C2440: '=' : cannot convert from 'Riik' to 't_f2nnid *'
                 No user-defined-conversion operator available that can perform this conversion, or the operator cannot be called
     1>c:\users\maksim\documents\github\study\projects\copypaste2\main.cpp(158): error C2440: '=' : cannot convert from 'Riik' to 't_f2nnid *'
                 No user-defined-conversion operator available that can perform this conversion, or the operator cannot be called
     1>c:\users\maksim\documents\github\study\projects\copypaste2\main.cpp(160): error C2440: '=' : cannot convert from 'Riik' to 't_f2nnid *'
                 No user-defined-conversion operator available that can perform this conversion, or the operator cannot be called
     1>c:\users\maksim\documents\github\study\projects\copypaste2\main.cpp(163): error C2440: 'return' : cannot convert from 't_f2nnid *' to 'Riik *'
                 Types pointed to are unrelated; conversion requires reinterpret_cast, C-style cast or function-style cast
     1>Done Building Project "C:\Users\maksim\Documents\GitHub\study\Projects\CopyPaste2\CopyPaste.vcxproj" (Build target(s)) -- FAILED.

Build FAILED.

Time Elapsed 00:00:00.46
