Build started 17.12.2011 14:10:43.
     1>Project "c:\Users\maksim kozorez\documents\visual studio 2010\Projects\dz14\dz14\dz14.vcxproj" on node 2 (build target(s)).
     1>InitializeBuildStatus:
         Creating "Debug\dz14.unsuccessfulbuild" because "AlwaysCreate" was specified.
       ClCompile:
         C:\Program Files (x86)\Microsoft Visual Studio 10.0\VC\bin\CL.exe /c /ZI /nologo /W3 /WX- /Od /Oy- /D WIN32 /D _DEBUG /D _CONSOLE /D _UNICODE /D UNICODE /Gm /EHsc /RTC1 /MDd /GS /fp:precise /Zc:wchar_t /Zc:forScope /Fo"Debug\\" /Fd"Debug\vc100.pdb" /Gd /TP /analyze- /errorReport:prompt dz14.cpp
         dz14.cpp
     1>c:\users\maksim kozorez\documents\visual studio 2010\projects\dz14\dz14\dz14.cpp(25): warning C4996: 'getch': The POSIX name for this item is deprecated. Instead, use the ISO C++ conformant name: _getch. See online help for details.
                 c:\program files (x86)\microsoft visual studio 10.0\vc\include\conio.h(128) : see declaration of 'getch'
       ManifestResourceCompile:
         All outputs are up-to-date.
       Link:
         C:\Program Files (x86)\Microsoft Visual Studio 10.0\VC\bin\link.exe /ERRORREPORT:PROMPT /OUT:"c:\users\maksim kozorez\documents\visual studio 2010\Projects\dz14\Debug\dz14.exe" /INCREMENTAL /NOLOGO kernel32.lib user32.lib gdi32.lib winspool.lib comdlg32.lib advapi32.lib shell32.lib ole32.lib oleaut32.lib uuid.lib odbc32.lib odbccp32.lib /MANIFEST /ManifestFile:"Debug\dz14.exe.intermediate.manifest" /MANIFESTUAC:"level='asInvoker' uiAccess='false'" /DEBUG /PDB:"c:\users\maksim kozorez\documents\visual studio 2010\Projects\dz14\Debug\dz14.pdb" /SUBSYSTEM:CONSOLE /TLBID:1 /DYNAMICBASE /NXCOMPAT /IMPLIB:"c:\users\maksim kozorez\documents\visual studio 2010\Projects\dz14\Debug\dz14.lib" /MACHINE:X86 Debug\dz14.exe.embed.manifest.res
         Debug\dz14.obj
       Manifest:
         C:\Program Files (x86)\Microsoft SDKs\Windows\v7.0A\bin\mt.exe /nologo /verbose /out:"Debug\dz14.exe.embed.manifest" /manifest Debug\dz14.exe.intermediate.manifest
         All outputs are up-to-date.
       LinkEmbedManifest:
         All outputs are up-to-date.
         dz14.vcxproj -> c:\users\maksim kozorez\documents\visual studio 2010\Projects\dz14\Debug\dz14.exe
       FinalizeBuildStatus:
         Deleting file "Debug\dz14.unsuccessfulbuild".
         Touching "Debug\dz14.lastbuildstate".
     1>Done Building Project "c:\Users\maksim kozorez\documents\visual studio 2010\Projects\dz14\dz14\dz14.vcxproj" (build target(s)).

Build succeeded.

Time Elapsed 00:00:00.85
