Build started 6.01.2012 14:20:41.
     1>Project "C:\Users\Maksim Kozorez\Documents\Visual Studio 2010\Projects\casino\casino\casino.vcxproj" on node 2 (build target(s)).
     1>InitializeBuildStatus:
         Creating "Debug\casino.unsuccessfulbuild" because "AlwaysCreate" was specified.
       ClCompile:
         C:\Program Files (x86)\Microsoft Visual Studio 10.0\VC\bin\CL.exe /c /ZI /nologo /W3 /WX- /Od /Oy- /D WIN32 /D _DEBUG /D _CONSOLE /D _UNICODE /D UNICODE /Gm /EHsc /RTC1 /MDd /GS /fp:precise /Zc:wchar_t /Zc:forScope /Fo"Debug\\" /Fd"Debug\vc100.pdb" /Gd /TP /analyze- /errorReport:prompt casino.cpp
         casino.cpp
     1>c:\users\maksim kozorez\documents\visual studio 2010\projects\casino\casino\casino.cpp(97): warning C4996: 'getch': The POSIX name for this item is deprecated. Instead, use the ISO C++ conformant name: _getch. See online help for details.
                 c:\program files (x86)\microsoft visual studio 10.0\vc\include\conio.h(128) : see declaration of 'getch'
       ManifestResourceCompile:
         All outputs are up-to-date.
       Link:
         C:\Program Files (x86)\Microsoft Visual Studio 10.0\VC\bin\link.exe /ERRORREPORT:PROMPT /OUT:"C:\Users\Maksim Kozorez\Documents\Visual Studio 2010\Projects\casino\Debug\casino.exe" /INCREMENTAL /NOLOGO kernel32.lib user32.lib gdi32.lib winspool.lib comdlg32.lib advapi32.lib shell32.lib ole32.lib oleaut32.lib uuid.lib odbc32.lib odbccp32.lib /MANIFEST /ManifestFile:"Debug\casino.exe.intermediate.manifest" /MANIFESTUAC:"level='asInvoker' uiAccess='false'" /DEBUG /PDB:"C:\Users\Maksim Kozorez\Documents\Visual Studio 2010\Projects\casino\Debug\casino.pdb" /SUBSYSTEM:CONSOLE /TLBID:1 /DYNAMICBASE /NXCOMPAT /IMPLIB:"C:\Users\Maksim Kozorez\Documents\Visual Studio 2010\Projects\casino\Debug\casino.lib" /MACHINE:X86 Debug\casino.exe.embed.manifest.res
         Debug\casino.obj
       Manifest:
         C:\Program Files (x86)\Microsoft SDKs\Windows\v7.0A\bin\mt.exe /nologo /verbose /out:"Debug\casino.exe.embed.manifest" /manifest Debug\casino.exe.intermediate.manifest
         All outputs are up-to-date.
       LinkEmbedManifest:
         All outputs are up-to-date.
         casino.vcxproj -> C:\Users\Maksim Kozorez\Documents\Visual Studio 2010\Projects\casino\Debug\casino.exe
       FinalizeBuildStatus:
         Deleting file "Debug\casino.unsuccessfulbuild".
         Touching "Debug\casino.lastbuildstate".
     1>Done Building Project "C:\Users\Maksim Kozorez\Documents\Visual Studio 2010\Projects\casino\casino\casino.vcxproj" (build target(s)).

Build succeeded.

Time Elapsed 00:00:00.95
