Build started 25.05.2012 17:46:52.
     1>Project "C:\Users\Maksim Kozorez\Documents\Visual Studio 2010\Projects\podschjotSlov\podschjotSlov\podschjotSlov.vcxproj" on node 2 (build target(s)).
     1>InitializeBuildStatus:
         Creating "Debug\podschjotSlov.unsuccessfulbuild" because "AlwaysCreate" was specified.
       ClCompile:
         c:\Program Files (x86)\Microsoft Visual Studio 10.0\VC\bin\CL.exe /c /ZI /nologo /W3 /WX- /Od /Oy- /D WIN32 /D _DEBUG /D _CONSOLE /D _UNICODE /D UNICODE /Gm /EHsc /RTC1 /MDd /GS /fp:precise /Zc:wchar_t /Zc:forScope /Fo"Debug\\" /Fd"Debug\vc100.pdb" /Gd /TP /analyze- /errorReport:prompt PodschjotSlov.cpp
         PodschjotSlov.cpp
     1>c:\users\maksim kozorez\documents\visual studio 2010\projects\podschjotslov\podschjotslov\podschjotslov.cpp(111): warning C4996: 'strcpy': This function or variable may be unsafe. Consider using strcpy_s instead. To disable deprecation, use _CRT_SECURE_NO_WARNINGS. See online help for details.
                 c:\program files (x86)\microsoft visual studio 10.0\vc\include\string.h(105) : see declaration of 'strcpy'
     1>c:\users\maksim kozorez\documents\visual studio 2010\projects\podschjotslov\podschjotslov\podschjotslov.cpp(115): warning C4996: 'fopen': This function or variable may be unsafe. Consider using fopen_s instead. To disable deprecation, use _CRT_SECURE_NO_WARNINGS. See online help for details.
                 c:\program files (x86)\microsoft visual studio 10.0\vc\include\stdio.h(234) : see declaration of 'fopen'
     1>c:\users\maksim kozorez\documents\visual studio 2010\projects\podschjotslov\podschjotslov\podschjotslov.cpp(128): warning C4996: 'fopen': This function or variable may be unsafe. Consider using fopen_s instead. To disable deprecation, use _CRT_SECURE_NO_WARNINGS. See online help for details.
                 c:\program files (x86)\microsoft visual studio 10.0\vc\include\stdio.h(234) : see declaration of 'fopen'
     1>c:\users\maksim kozorez\documents\visual studio 2010\projects\podschjotslov\podschjotslov\podschjotslov.cpp(159): warning C4996: 'getch': The POSIX name for this item is deprecated. Instead, use the ISO C++ conformant name: _getch. See online help for details.
                 c:\program files (x86)\microsoft visual studio 10.0\vc\include\conio.h(128) : see declaration of 'getch'
       ManifestResourceCompile:
         All outputs are up-to-date.
       Link:
         c:\Program Files (x86)\Microsoft Visual Studio 10.0\VC\bin\link.exe /ERRORREPORT:PROMPT /OUT:"C:\Users\Maksim Kozorez\Documents\Visual Studio 2010\Projects\podschjotSlov\Debug\podschjotSlov.exe" /INCREMENTAL /NOLOGO kernel32.lib user32.lib gdi32.lib winspool.lib comdlg32.lib advapi32.lib shell32.lib ole32.lib oleaut32.lib uuid.lib odbc32.lib odbccp32.lib /MANIFEST /ManifestFile:"Debug\podschjotSlov.exe.intermediate.manifest" /MANIFESTUAC:"level='asInvoker' uiAccess='false'" /DEBUG /PDB:"C:\Users\Maksim Kozorez\Documents\Visual Studio 2010\Projects\podschjotSlov\Debug\podschjotSlov.pdb" /SUBSYSTEM:CONSOLE /TLBID:1 /DYNAMICBASE /NXCOMPAT /IMPLIB:"C:\Users\Maksim Kozorez\Documents\Visual Studio 2010\Projects\podschjotSlov\Debug\podschjotSlov.lib" /MACHINE:X86 Debug\podschjotSlov.exe.embed.manifest.res
         Debug\PodschjotSlov.obj
       Manifest:
         C:\Program Files (x86)\Microsoft SDKs\Windows\v7.0A\bin\mt.exe /nologo /verbose /out:"Debug\podschjotSlov.exe.embed.manifest" /manifest Debug\podschjotSlov.exe.intermediate.manifest
         All outputs are up-to-date.
       LinkEmbedManifest:
         All outputs are up-to-date.
         podschjotSlov.vcxproj -> C:\Users\Maksim Kozorez\Documents\Visual Studio 2010\Projects\podschjotSlov\Debug\podschjotSlov.exe
       FinalizeBuildStatus:
         Deleting file "Debug\podschjotSlov.unsuccessfulbuild".
         Touching "Debug\podschjotSlov.lastbuildstate".
     1>Done Building Project "C:\Users\Maksim Kozorez\Documents\Visual Studio 2010\Projects\podschjotSlov\podschjotSlov\podschjotSlov.vcxproj" (build target(s)).

Build succeeded.

Time Elapsed 00:00:01.34
