Build started 29.05.2012 11:08:37.
     1>Project "C:\Users\Maksim Kozorez\Documents\Visual Studio 2010\Projects\BMW\BMW\BMW.vcxproj" on node 2 (build target(s)).
     1>InitializeBuildStatus:
         Creating "Debug\BMW.unsuccessfulbuild" because "AlwaysCreate" was specified.
       ClCompile:
         c:\Program Files (x86)\Microsoft Visual Studio 10.0\VC\bin\CL.exe /c /ZI /nologo /W3 /WX- /Od /Oy- /D WIN32 /D _DEBUG /D _CONSOLE /D _UNICODE /D UNICODE /Gm /EHsc /RTC1 /MDd /GS /fp:precise /Zc:wchar_t /Zc:forScope /Fo"Debug\\" /Fd"Debug\vc100.pdb" /Gd /TP /analyze- /errorReport:prompt hinnakiri.cpp
         hinnakiri.cpp
     1>c:\users\maksim kozorez\documents\visual studio 2010\projects\bmw\bmw\hinnakiri.cpp(20): warning C4018: '<' : signed/unsigned mismatch
     1>c:\users\maksim kozorez\documents\visual studio 2010\projects\bmw\bmw\hinnakiri.cpp(33): warning C4018: '<' : signed/unsigned mismatch
     1>c:\users\maksim kozorez\documents\visual studio 2010\projects\bmw\bmw\hinnakiri.cpp(117): warning C4996: 'strcpy': This function or variable may be unsafe. Consider using strcpy_s instead. To disable deprecation, use _CRT_SECURE_NO_WARNINGS. See online help for details.
                 c:\program files (x86)\microsoft visual studio 10.0\vc\include\string.h(105) : see declaration of 'strcpy'
     1>c:\users\maksim kozorez\documents\visual studio 2010\projects\bmw\bmw\hinnakiri.cpp(124): warning C4996: 'fopen': This function or variable may be unsafe. Consider using fopen_s instead. To disable deprecation, use _CRT_SECURE_NO_WARNINGS. See online help for details.
                 c:\program files (x86)\microsoft visual studio 10.0\vc\include\stdio.h(234) : see declaration of 'fopen'
     1>c:\users\maksim kozorez\documents\visual studio 2010\projects\bmw\bmw\hinnakiri.cpp(180): warning C4996: 'getch': The POSIX name for this item is deprecated. Instead, use the ISO C++ conformant name: _getch. See online help for details.
                 c:\program files (x86)\microsoft visual studio 10.0\vc\include\conio.h(128) : see declaration of 'getch'
       ManifestResourceCompile:
         All outputs are up-to-date.
       Link:
         c:\Program Files (x86)\Microsoft Visual Studio 10.0\VC\bin\link.exe /ERRORREPORT:PROMPT /OUT:"C:\Users\Maksim Kozorez\Documents\Visual Studio 2010\Projects\BMW\Debug\BMW.exe" /INCREMENTAL /NOLOGO kernel32.lib user32.lib gdi32.lib winspool.lib comdlg32.lib advapi32.lib shell32.lib ole32.lib oleaut32.lib uuid.lib odbc32.lib odbccp32.lib /MANIFEST /ManifestFile:"Debug\BMW.exe.intermediate.manifest" /MANIFESTUAC:"level='asInvoker' uiAccess='false'" /DEBUG /PDB:"C:\Users\Maksim Kozorez\Documents\Visual Studio 2010\Projects\BMW\Debug\BMW.pdb" /SUBSYSTEM:CONSOLE /TLBID:1 /DYNAMICBASE /NXCOMPAT /IMPLIB:"C:\Users\Maksim Kozorez\Documents\Visual Studio 2010\Projects\BMW\Debug\BMW.lib" /MACHINE:X86 Debug\BMW.exe.embed.manifest.res
         Debug\hinnakiri.obj
       Manifest:
         C:\Program Files (x86)\Microsoft SDKs\Windows\v7.0A\bin\mt.exe /nologo /verbose /out:"Debug\BMW.exe.embed.manifest" /manifest Debug\BMW.exe.intermediate.manifest
         All outputs are up-to-date.
       LinkEmbedManifest:
         All outputs are up-to-date.
         BMW.vcxproj -> C:\Users\Maksim Kozorez\Documents\Visual Studio 2010\Projects\BMW\Debug\BMW.exe
       FinalizeBuildStatus:
         Deleting file "Debug\BMW.unsuccessfulbuild".
         Touching "Debug\BMW.lastbuildstate".
     1>Done Building Project "C:\Users\Maksim Kozorez\Documents\Visual Studio 2010\Projects\BMW\BMW\BMW.vcxproj" (build target(s)).

Build succeeded.

Time Elapsed 00:00:01.55
