Build started 4.04.2012 16:21:59.
     1>Project "C:\Users\Maksim Kozorez\Documents\Visual Studio 2010\Projects\dz01\dz01\dz01.vcxproj" on node 2 (build target(s)).
     1>InitializeBuildStatus:
         Creating "Debug\dz01.unsuccessfulbuild" because "AlwaysCreate" was specified.
       ClCompile:
         c:\Program Files (x86)\Microsoft Visual Studio 10.0\VC\bin\CL.exe /c /ZI /nologo /W3 /WX- /Od /Oy- /D WIN32 /D _DEBUG /D _CONSOLE /D _UNICODE /D UNICODE /Gm /EHsc /RTC1 /MDd /GS /fp:precise /Zc:wchar_t /Zc:forScope /Fo"Debug\\" /Fd"Debug\vc100.pdb" /Gd /TP /analyze- /errorReport:prompt dz01.cpp
         dz01.cpp
     1>c:\users\maksim kozorez\documents\visual studio 2010\projects\dz01\dz01\dz01.cpp(123): warning C4996: 'localtime': This function or variable may be unsafe. Consider using localtime_s instead. To disable deprecation, use _CRT_SECURE_NO_WARNINGS. See online help for details.
                 c:\program files (x86)\microsoft visual studio 10.0\vc\include\time.inl(112) : see declaration of 'localtime'
     1>c:\users\maksim kozorez\documents\visual studio 2010\projects\dz01\dz01\dz01.cpp(131): warning C4996: 'localtime': This function or variable may be unsafe. Consider using localtime_s instead. To disable deprecation, use _CRT_SECURE_NO_WARNINGS. See online help for details.
                 c:\program files (x86)\microsoft visual studio 10.0\vc\include\time.inl(112) : see declaration of 'localtime'
     1>c:\users\maksim kozorez\documents\visual studio 2010\projects\dz01\dz01\dz01.cpp(139): warning C4996: 'localtime': This function or variable may be unsafe. Consider using localtime_s instead. To disable deprecation, use _CRT_SECURE_NO_WARNINGS. See online help for details.
                 c:\program files (x86)\microsoft visual studio 10.0\vc\include\time.inl(112) : see declaration of 'localtime'
     1>c:\users\maksim kozorez\documents\visual studio 2010\projects\dz01\dz01\dz01.cpp(174): warning C4996: 'getch': The POSIX name for this item is deprecated. Instead, use the ISO C++ conformant name: _getch. See online help for details.
                 c:\program files (x86)\microsoft visual studio 10.0\vc\include\conio.h(128) : see declaration of 'getch'
       ManifestResourceCompile:
         All outputs are up-to-date.
       Link:
         c:\Program Files (x86)\Microsoft Visual Studio 10.0\VC\bin\link.exe /ERRORREPORT:PROMPT /OUT:"C:\Users\Maksim Kozorez\Documents\Visual Studio 2010\Projects\dz01\Debug\dz01.exe" /INCREMENTAL /NOLOGO kernel32.lib user32.lib gdi32.lib winspool.lib comdlg32.lib advapi32.lib shell32.lib ole32.lib oleaut32.lib uuid.lib odbc32.lib odbccp32.lib /MANIFEST /ManifestFile:"Debug\dz01.exe.intermediate.manifest" /MANIFESTUAC:"level='asInvoker' uiAccess='false'" /DEBUG /PDB:"C:\Users\Maksim Kozorez\Documents\Visual Studio 2010\Projects\dz01\Debug\dz01.pdb" /SUBSYSTEM:CONSOLE /TLBID:1 /DYNAMICBASE /NXCOMPAT /IMPLIB:"C:\Users\Maksim Kozorez\Documents\Visual Studio 2010\Projects\dz01\Debug\dz01.lib" /MACHINE:X86 Debug\dz01.exe.embed.manifest.res
         Debug\dz01.obj
       Manifest:
         C:\Program Files (x86)\Microsoft SDKs\Windows\v7.0A\bin\mt.exe /nologo /verbose /out:"Debug\dz01.exe.embed.manifest" /manifest Debug\dz01.exe.intermediate.manifest
         All outputs are up-to-date.
       LinkEmbedManifest:
         All outputs are up-to-date.
         dz01.vcxproj -> C:\Users\Maksim Kozorez\Documents\Visual Studio 2010\Projects\dz01\Debug\dz01.exe
       FinalizeBuildStatus:
         Deleting file "Debug\dz01.unsuccessfulbuild".
         Touching "Debug\dz01.lastbuildstate".
     1>Done Building Project "C:\Users\Maksim Kozorez\Documents\Visual Studio 2010\Projects\dz01\dz01\dz01.vcxproj" (build target(s)).

Build succeeded.

Time Elapsed 00:00:03.25
